<?xml version="1.0" encoding="UTF-8"?>
<!-- Generated by org.testng.reporters.JUnitReportReporter -->
<testsuite skipped="0" hostname="AGKRAJU" name="com.mycompany.app.DataDriven.testCases.Login" tests="1" failures="0" timestamp="08 Aug 2019 09:56:58 GMT" time="26.484" errors="0">
  <testcase name="login" time="26.484" classname="com.mycompany.app.DataDriven.testCases.Login"/>
</testsuite> <!-- com.mycompany.app.DataDriven.testCases.Login -->
